#
# A fatal error has been detected by the Java Runtime Environment:
#
#  EXCEPTION_STACK_OVERFLOW (0xc00000fd) at pc=0x6400b9a3, pid=17644, tid=0x00002f88
#
# JRE version: Java(TM) SE Runtime Environment (8.0_191-b12) (build 1.8.0_191-b12)
# Java VM: Java HotSpot(TM) Client VM (25.191-b12 mixed mode windows-x86 )
# Problematic frame:
# C  [jSSC-2.8_x86.dll+0xb9a3]
#
# Failed to write core dump. Minidumps are not enabled by default on client versions of Windows
#
# If you would like to submit a bug report, please visit:
#   http://bugreport.java.com/bugreport/crash.jsp
# The crash happened outside the Java Virtual Machine in native code.
# See problematic frame for where to report the bug.
#

---------------  T H R E A D  ---------------

Current thread (0x29237000):  JavaThread "EventThread COM4" [_thread_in_native, id=12168, stack(0x28510000,0x28560000)]

siginfo: ExceptionCode=0xc00000fd, ExceptionInformation=0x00000001 0x28510700 

Registers:
EAX=0x000a1e00, EBX=0x2a89dbf0, ECX=0x28510700, EDX=0x00000000
ESP=0x2855f6f4, EBP=0x2855f758, ESI=0x29237140, EDI=0x2a89dc04
EIP=0x6400b9a3, EFLAGS=0x00010206

Top of Stack: (sp=0x2855f6f4)
0x2855f6f4:   000efe00 00000000 64001739 00000014
0x2855f704:   069898e0 00000001 00000000 00000000
0x2855f714:   00000001 000efdf6 00000001 2818b9e8
0x2855f724:   29237000 00000fb0 0356d474 17fb3708
0x2855f734:   00000000 00000fb0 0000001e 032cddc1
0x2855f744:   0348bb20 2855f87c 00000000 17da3068
0x2855f754:   29237000 2855f788 0348bba5 29237140
0x2855f764:   2855f774 00000fb0 00000000 000efdf6 

Instructions: (pc=0x6400b9a3)
0x6400b983:   fd ff ff eb 91 90 90 90 90 90 90 90 90 51 50 3d
0x6400b993:   00 10 00 00 8d 4c 24 0c 72 15 81 e9 00 10 00 00
0x6400b9a3:   83 09 00 2d 00 10 00 00 3d 00 10 00 00 77 eb 29
0x6400b9b3:   c1 83 09 00 58 59 c3 90 90 8b 44 24 04 c7 00 ff 


Register to memory mapping:

EAX=0x000a1e00 is an unknown value
EBX=0x2a89dbf0 is an unknown value
ECX=0x28510700 is pointing into the stack for thread: 0x29237000
EDX=0x00000000 is an unknown value
ESP=0x2855f6f4 is pointing into the stack for thread: 0x29237000
EBP=0x2855f758 is pointing into the stack for thread: 0x29237000
ESI=0x29237140 is an unknown value
EDI=0x2a89dc04 is an unknown value


Stack: [0x28510000,0x28560000],  sp=0x2855f6f4,  free space=317k
Native frames: (J=compiled Java code, j=interpreted, Vv=VM code, C=native code)
C  [jSSC-2.8_x86.dll+0xb9a3]
J 9531  jssc.SerialNativeInterface.readBytes(JI)[B (0 bytes) @ 0x0348bba5 [0x0348bb10+0x95]
J 7481 C1 jssc.SerialPort$EventThread.run()V (84 bytes) @ 0x0339a170 [0x03399f00+0x270]
v  ~StubRoutines::call_stub
V  [jvm.dll+0x15c315]
V  [jvm.dll+0x223ece]
V  [jvm.dll+0x15c3ae]
V  [jvm.dll+0x15c536]
V  [jvm.dll+0x15c5a7]
V  [jvm.dll+0x1002ef]
V  [jvm.dll+0x17f550]
V  [jvm.dll+0x17fdca]
V  [jvm.dll+0x1c57a6]
C  [msvcr100.dll+0x5c556]
C  [msvcr100.dll+0x5c600]
C  [KERNEL32.DLL+0x16739]
C  [ntdll.dll+0x68fef]
C  [ntdll.dll+0x68fbd]
C  0x00000000

Java frames: (J=compiled Java code, j=interpreted, Vv=VM code)
J 9531  jssc.SerialNativeInterface.readBytes(JI)[B (0 bytes) @ 0x0348bb61 [0x0348bb10+0x51]
J 7481 C1 jssc.SerialPort$EventThread.run()V (84 bytes) @ 0x0339a170 [0x03399f00+0x270]
v  ~StubRoutines::call_stub

---------------  P R O C E S S  ---------------

Java Threads: ( => current thread )
=>0x29237000 JavaThread "EventThread COM4" [_thread_in_native, id=12168, stack(0x28510000,0x28560000)]
  0x29236800 JavaThread "Image Fetcher 1" daemon [_thread_blocked, id=7792, stack(0x28280000,0x282d0000)]
  0x29239000 JavaThread "Image Fetcher 0" daemon [_thread_blocked, id=15692, stack(0x281f0000,0x28240000)]
  0x29236400 JavaThread "JmDNS(wafpc.local.).State.Timer" [_thread_blocked, id=3592, stack(0x2c300000,0x2c350000)]
  0x2923c800 JavaThread "JmDNS(wafpc.local.).Timer" daemon [_thread_blocked, id=6504, stack(0x2c2b0000,0x2c300000)]
  0x2923ac00 JavaThread "SocketListener(wafpc.local.)" daemon [_thread_in_native, id=8656, stack(0x03040000,0x03090000)]
  0x2923cc00 JavaThread "DestroyJavaVM" [_thread_blocked, id=15140, stack(0x031d0000,0x03220000)]
  0x2923b400 JavaThread "TimerQueue" daemon [_thread_blocked, id=8564, stack(0x2bf40000,0x2bf90000)]
  0x2923bc00 JavaThread "JmDNS(wafpc.local.).State.Timer" [_thread_blocked, id=7764, stack(0x2a790000,0x2a7e0000)]
  0x29239c00 JavaThread "JmDNS(wafpc.local.).Timer" daemon [_thread_blocked, id=4860, stack(0x2a700000,0x2a750000)]
  0x2923d800 JavaThread "SocketListener(wafpc.local.)" daemon [_thread_in_native, id=16144, stack(0x2a670000,0x2a6c0000)]
  0x2923c000 JavaThread "AWT-EventQueue-0" [_thread_in_Java, id=9204, stack(0x2a5e0000,0x2a630000)]
  0x29239400 JavaThread "AWT-Shutdown" [_thread_blocked, id=18640, stack(0x2a550000,0x2a5a0000)]
  0x29078000 JavaThread "Batik CleanerThread" daemon [_thread_blocked, id=15936, stack(0x2a120000,0x2a170000)]
  0x29078c00 JavaThread "JmDNS(wafpc-mshome-net.local.).State.Timer" [_thread_blocked, id=11608, stack(0x29e50000,0x29ea0000)]
  0x29079400 JavaThread "JmDNS(wafpc-mshome-net.local.).Timer" daemon [_thread_blocked, id=7016, stack(0x29dc0000,0x29e10000)]
  0x29078800 JavaThread "SocketListener(wafpc-mshome-net.local.)" daemon [_thread_in_native, id=9876, stack(0x29d30000,0x29d80000)]
  0x29042000 JavaThread "JmDNS(wafpc.local.).State.Timer" [_thread_blocked, id=14924, stack(0x29c10000,0x29c60000)]
  0x29041c00 JavaThread "JmDNS(wafpc.local.).Timer" daemon [_thread_blocked, id=13020, stack(0x29b80000,0x29bd0000)]
  0x29041400 JavaThread "SocketListener(wafpc.local.)" daemon [_thread_in_native, id=13884, stack(0x275e0000,0x27630000)]
  0x28f49400 JavaThread "Multihomed mDNS.Timer" daemon [_thread_blocked, id=2708, stack(0x03260000,0x032b0000)]
  0x28f4a800 JavaThread "cc.arduino.packages.discoverers.serial.SerialDiscovery" [_thread_blocked, id=6416, stack(0x29940000,0x29990000)]
  0x2700c400 JavaThread "AWT-Windows" daemon [_thread_in_native, id=20068, stack(0x27670000,0x276c0000)]
  0x2700a800 JavaThread "Java2D Disposer" daemon [_thread_blocked, id=1372, stack(0x27550000,0x275a0000)]
  0x26629400 JavaThread "Service Thread" daemon [_thread_blocked, id=13124, stack(0x26c90000,0x26ce0000)]
  0x26621400 JavaThread "C1 CompilerThread0" daemon [_thread_blocked, id=17360, stack(0x26c00000,0x26c50000)]
  0x26620000 JavaThread "Attach Listener" daemon [_thread_blocked, id=17916, stack(0x26b70000,0x26bc0000)]
  0x2661e000 JavaThread "Signal Dispatcher" daemon [_thread_blocked, id=14600, stack(0x26ae0000,0x26b30000)]
  0x2660c800 JavaThread "Finalizer" daemon [_thread_blocked, id=4228, stack(0x26950000,0x269a0000)]
  0x26606800 JavaThread "Reference Handler" daemon [_thread_blocked, id=7148, stack(0x268c0000,0x26910000)]

Other Threads:
  0x265f1000 VMThread [stack: 0x26830000,0x26880000] [id=8352]
  0x2662cc00 WatcherThread [stack: 0x26d20000,0x26d70000] [id=13424]

VM state:not at safepoint (normal execution)

VM Mutex/Monitor currently owned by a thread: None

Heap:
 def new generation   total 105280K, used 7243K [0x05400000, 0x0c630000, 0x0fea0000)
  eden space 93632K,   7% used [0x05400000, 0x05b12cc8, 0x0af70000)
  from space 11648K,   0% used [0x0af70000, 0x0af70000, 0x0bad0000)
  to   space 11648K,   0% used [0x0bad0000, 0x0bad0000, 0x0c630000)
 tenured generation   total 233776K, used 140264K [0x0fea0000, 0x1e2ec000, 0x25400000)
   the space 233776K,  59% used [0x0fea0000, 0x1879a160, 0x1879a200, 0x1e2ec000)
 Metaspace       used 22244K, capacity 22797K, committed 22912K, reserved 22912K

Card table byte_map: [0x25400000,0x25510000] byte_map_base: 0x253d6000

Polling page: 0x02f30000

CodeCache: size=32768Kb used=2979Kb max_used=4539Kb free=29788Kb
 bounds [0x032c0000, 0x03738000, 0x052c0000]
 total_blobs=1691 nmethods=1407 adapters=213
 compilation: enabled

Compilation events (10 events):
Event: 4724.126 Thread 0x26621400 nmethod 9556 0x034e8248 code [0x034e8340, 0x034e83c0]
Event: 4724.526 Thread 0x26621400 9557  s          com.sun.java.swing.plaf.windows.XPStyle::getXP (99 bytes)
Event: 4724.529 Thread 0x26621400 nmethod 9557 0x0363fcc8 code [0x0363fe60, 0x03640430]
Event: 4725.783 Thread 0x26621400 9558             sun.misc.VM::addFinalRefCount (24 bytes)
Event: 4725.784 Thread 0x26621400 nmethod 9558 0x034cf4c8 code [0x034cf5c0, 0x034cf660]
Event: 4725.785 Thread 0x26621400 9559   !         java.lang.ref.ReferenceQueue::enqueue (119 bytes)
Event: 4725.785 Thread 0x26621400 nmethod 9559 0x03497588 code [0x034976a0, 0x034979ec]
Event: 4725.785 Thread 0x26621400 9560 %           java.lang.ref.Reference$ReferenceHandler::run @ 0 (8 bytes)
Event: 4725.785 Thread 0x26621400 nmethod 9560% 0x03497fc8 code [0x034980d0, 0x0349817c]
Event: 4725.786 Thread 0x26621400 9561             sun.font.StrikeCache::doDispose (241 bytes)

GC Heap History (10 events):
Event: 3794.191 GC heap before
{Heap before GC invocations=28 (full 3):
 def new generation   total 66944K, used 66944K [0x05400000, 0x09ca0000, 0x0fea0000)
  eden space 59520K, 100% used [0x05400000, 0x08e20000, 0x08e20000)
  from space 7424K, 100% used [0x08e20000, 0x09560000, 0x09560000)
  to   space 7424K,   0% used [0x09560000, 0x09560000, 0x09ca0000)
 tenured generation   total 148620K, used 134574K [0x0fea0000, 0x18fc3000, 0x25400000)
   the space 148620K,  90% used [0x0fea0000, 0x1820b960, 0x1820ba00, 0x18fc3000)
 Metaspace       used 22246K, capacity 22802K, committed 22912K, reserved 22912K
Event: 3794.237 GC heap after
Heap after GC invocations=29 (full 3):
 def new generation   total 66944K, used 3132K [0x05400000, 0x09ca0000, 0x0fea0000)
  eden space 59520K,   0% used [0x05400000, 0x05400000, 0x08e20000)
  from space 7424K,  42% used [0x09560000, 0x0986f088, 0x09ca0000)
  to   space 7424K,   0% used [0x08e20000, 0x08e20000, 0x09560000)
 tenured generation   total 148620K, used 141723K [0x0fea0000, 0x18fc3000, 0x25400000)
   the space 148620K,  95% used [0x0fea0000, 0x18906eb8, 0x18907000, 0x18fc3000)
 Metaspace       used 22246K, capacity 22802K, committed 22912K, reserved 22912K
}
Event: 4009.950 GC heap before
{Heap before GC invocations=29 (full 3):
 def new generation   total 66944K, used 62652K [0x05400000, 0x09ca0000, 0x0fea0000)
  eden space 59520K, 100% used [0x05400000, 0x08e20000, 0x08e20000)
  from space 7424K,  42% used [0x09560000, 0x0986f088, 0x09ca0000)
  to   space 7424K,   0% used [0x08e20000, 0x08e20000, 0x09560000)
 tenured generation   total 148620K, used 141723K [0x0fea0000, 0x18fc3000, 0x25400000)
   the space 148620K,  95% used [0x0fea0000, 0x18906eb8, 0x18907000, 0x18fc3000)
 Metaspace       used 22246K, capacity 22802K, committed 22912K, reserved 22912K
Event: 4009.959 GC heap after
Heap after GC invocations=30 (full 3):
 def new generation   total 66944K, used 5470K [0x05400000, 0x09ca0000, 0x0fea0000)
  eden space 59520K,   0% used [0x05400000, 0x05400000, 0x08e20000)
  from space 7424K,  73% used [0x08e20000, 0x09377918, 0x09560000)
  to   space 7424K,   0% used [0x09560000, 0x09560000, 0x09ca0000)
 tenured generation   total 148620K, used 141723K [0x0fea0000, 0x18fc3000, 0x25400000)
   the space 148620K,  95% used [0x0fea0000, 0x18906eb8, 0x18907000, 0x18fc3000)
 Metaspace       used 22246K, capacity 22802K, committed 22912K, reserved 22912K
}
Event: 4439.404 GC heap before
{Heap before GC invocations=30 (full 3):
 def new generation   total 66944K, used 64990K [0x05400000, 0x09ca0000, 0x0fea0000)
  eden space 59520K, 100% used [0x05400000, 0x08e20000, 0x08e20000)
  from space 7424K,  73% used [0x08e20000, 0x09377918, 0x09560000)
  to   space 7424K,   0% used [0x09560000, 0x09560000, 0x09ca0000)
 tenured generation   total 148620K, used 141723K [0x0fea0000, 0x18fc3000, 0x25400000)
   the space 148620K,  95% used [0x0fea0000, 0x18906eb8, 0x18907000, 0x18fc3000)
 Metaspace       used 22246K, capacity 22802K, committed 22912K, reserved 22912K
Event: 4439.448 GC heap after
Heap after GC invocations=31 (full 3):
 def new generation   total 66944K, used 2909K [0x05400000, 0x09ca0000, 0x0fea0000)
  eden space 59520K,   0% used [0x05400000, 0x05400000, 0x08e20000)
  from space 7424K,  39% used [0x09560000, 0x098374d8, 0x09ca0000)
  to   space 7424K,   0% used [0x08e20000, 0x08e20000, 0x09560000)
 tenured generation   total 148620K, used 144269K [0x0fea0000, 0x18fc3000, 0x25400000)
   the space 148620K,  97% used [0x0fea0000, 0x18b83798, 0x18b83800, 0x18fc3000)
 Metaspace       used 22246K, capacity 22802K, committed 22912K, reserved 22912K
}
Event: 4722.844 GC heap before
{Heap before GC invocations=31 (full 3):
 def new generation   total 66944K, used 62429K [0x05400000, 0x09ca0000, 0x0fea0000)
  eden space 59520K, 100% used [0x05400000, 0x08e20000, 0x08e20000)
  from space 7424K,  39% used [0x09560000, 0x098374d8, 0x09ca0000)
  to   space 7424K,   0% used [0x08e20000, 0x08e20000, 0x09560000)
 tenured generation   total 148620K, used 144269K [0x0fea0000, 0x18fc3000, 0x25400000)
   the space 148620K,  97% used [0x0fea0000, 0x18b83798, 0x18b83800, 0x18fc3000)
 Metaspace       used 22248K, capacity 22802K, committed 22912K, reserved 22912K
Event: 4722.930 GC heap after
Heap after GC invocations=32 (full 3):
 def new generation   total 66944K, used 7161K [0x05400000, 0x09ca0000, 0x0fea0000)
  eden space 59520K,   0% used [0x05400000, 0x05400000, 0x08e20000)
  from space 7424K,  96% used [0x08e20000, 0x0951e488, 0x09560000)
  to   space 7424K,   0% used [0x09560000, 0x09560000, 0x09ca0000)
 tenured generation   total 148620K, used 144269K [0x0fea0000, 0x18fc3000, 0x25400000)
   the space 148620K,  97% used [0x0fea0000, 0x18b83798, 0x18b83800, 0x18fc3000)
 Metaspace       used 22248K, capacity 22802K, committed 22912K, reserved 22912K
}
Event: 4724.590 GC heap before
{Heap before GC invocations=32 (full 3):
 def new generation   total 66944K, used 62257K [0x05400000, 0x09ca0000, 0x0fea0000)
  eden space 59520K,  92% used [0x05400000, 0x089ce108, 0x08e20000)
  from space 7424K,  96% used [0x08e20000, 0x0951e488, 0x09560000)
  to   space 7424K,   0% used [0x09560000, 0x09560000, 0x09ca0000)
 tenured generation   total 148620K, used 144269K [0x0fea0000, 0x18fc3000, 0x25400000)
   the space 148620K,  97% used [0x0fea0000, 0x18b83798, 0x18b83800, 0x18fc3000)
 Metaspace       used 22248K, capacity 22802K, committed 22912K, reserved 22912K
Event: 4725.780 GC heap after
Heap after GC invocations=33 (full 4):
 def new generation   total 105280K, used 0K [0x05400000, 0x0c630000, 0x0fea0000)
  eden space 93632K,   0% used [0x05400000, 0x05400000, 0x0af70000)
  from space 11648K,   0% used [0x0af70000, 0x0af70000, 0x0bad0000)
  to   space 11648K,   0% used [0x0bad0000, 0x0bad0000, 0x0c630000)
 tenured generation   total 233776K, used 140264K [0x0fea0000, 0x1e2ec000, 0x25400000)
   the space 233776K,  59% used [0x0fea0000, 0x1879a160, 0x1879a200, 0x1e2ec000)
 Metaspace       used 22244K, capacity 22797K, committed 22912K, reserved 22912K
}

Deoptimization events (0 events):
No events

Classes redefined (0 events):
No events

Internal exceptions (10 events):
Event: 3852.297 Thread 0x29237000 Exception <a 'sun/nio/fs/WindowsException'> (0x078050d0) thrown at [C:\workspace\8-2-build-windows-i586-cygwin\jdk8u191\11896\hotspot\src\share\vm\prims\jni.cpp, line 709]
Event: 3852.297 Thread 0x29237000 Exception <a 'sun/nio/fs/WindowsException'> (0x07805638) thrown at [C:\workspace\8-2-build-windows-i586-cygwin\jdk8u191\11896\hotspot\src\share\vm\prims\jni.cpp, line 709]
Event: 3852.301 Thread 0x29237000 Exception <a 'sun/nio/fs/WindowsException'> (0x07817410) thrown at [C:\workspace\8-2-build-windows-i586-cygwin\jdk8u191\11896\hotspot\src\share\vm\prims\jni.cpp, line 709]
Event: 3852.301 Thread 0x29237000 Exception <a 'sun/nio/fs/WindowsException'> (0x07817950) thrown at [C:\workspace\8-2-build-windows-i586-cygwin\jdk8u191\11896\hotspot\src\share\vm\prims\jni.cpp, line 709]
Event: 3852.304 Thread 0x29237000 Exception <a 'sun/nio/fs/WindowsException'> (0x07826b18) thrown at [C:\workspace\8-2-build-windows-i586-cygwin\jdk8u191\11896\hotspot\src\share\vm\prims\jni.cpp, line 709]
Event: 3852.304 Thread 0x29237000 Exception <a 'sun/nio/fs/WindowsException'> (0x07827058) thrown at [C:\workspace\8-2-build-windows-i586-cygwin\jdk8u191\11896\hotspot\src\share\vm\prims\jni.cpp, line 709]
Event: 3852.307 Thread 0x29237000 Exception <a 'sun/nio/fs/WindowsException'> (0x07832608) thrown at [C:\workspace\8-2-build-windows-i586-cygwin\jdk8u191\11896\hotspot\src\share\vm\prims\jni.cpp, line 709]
Event: 3852.307 Thread 0x29237000 Exception <a 'sun/nio/fs/WindowsException'> (0x07832bd8) thrown at [C:\workspace\8-2-build-windows-i586-cygwin\jdk8u191\11896\hotspot\src\share\vm\prims\jni.cpp, line 709]
Event: 3852.310 Thread 0x29237000 Exception <a 'sun/nio/fs/WindowsException'> (0x0783f300) thrown at [C:\workspace\8-2-build-windows-i586-cygwin\jdk8u191\11896\hotspot\src\share\vm\prims\jni.cpp, line 709]
Event: 3852.311 Thread 0x29237000 Exception <a 'sun/nio/fs/WindowsException'> (0x0783f858) thrown at [C:\workspace\8-2-build-windows-i586-cygwin\jdk8u191\11896\hotspot\src\share\vm\prims\jni.cpp, line 709]

Events (10 events):
Event: 4722.935 Executing VM operation: BulkRevokeBias
Event: 4722.935 Executing VM operation: BulkRevokeBias done
Event: 4724.126 Thread 0x26621400 flushing nmethod 0x03386b08
Event: 4724.127 Thread 0x26621400 flushing nmethod 0x03489708
Event: 4724.529 Thread 0x26621400 flushing nmethod 0x03497008
Event: 4724.529 Thread 0x26621400 flushing nmethod 0x03497248
Event: 4724.529 Thread 0x26621400 flushing nmethod 0x03497fc8
Event: 4724.587 Executing VM operation: GenCollectForAllocation
Event: 4725.780 Executing VM operation: GenCollectForAllocation done
Event: 4725.784 Thread 0x26621400 flushing nmethod 0x0359aa88


Dynamic libraries:
0x00e80000 - 0x00eb3000 	C:\Program Files (x86)\Arduino\java\bin\javaw.exe
0x771c0000 - 0x7736a000 	C:\WINDOWS\SYSTEM32\ntdll.dll
0x76700000 - 0x767f0000 	C:\WINDOWS\System32\KERNEL32.DLL
0x761d0000 - 0x76427000 	C:\WINDOWS\System32\KERNELBASE.dll
0x76680000 - 0x766fc000 	C:\WINDOWS\System32\ADVAPI32.dll
0x74fd0000 - 0x75092000 	C:\WINDOWS\System32\msvcrt.dll
0x767f0000 - 0x7686a000 	C:\WINDOWS\System32\sechost.dll
0x770f0000 - 0x771ab000 	C:\WINDOWS\System32\RPCRT4.dll
0x76e50000 - 0x76ffc000 	C:\WINDOWS\System32\USER32.dll
0x75b60000 - 0x75b7a000 	C:\WINDOWS\System32\win32u.dll
0x76c40000 - 0x76c62000 	C:\WINDOWS\System32\GDI32.dll
0x769e0000 - 0x76abf000 	C:\WINDOWS\System32\gdi32full.dll
0x76ac0000 - 0x76b3b000 	C:\WINDOWS\System32\msvcp_win.dll
0x76560000 - 0x76672000 	C:\WINDOWS\System32\ucrtbase.dll
0x73bc0000 - 0x73de3000 	C:\WINDOWS\WinSxS\x86_microsoft.windows.common-controls_6595b64144ccf1df_6.0.22000.120_none_e541a94fcce8ed6d\COMCTL32.dll
0x76d90000 - 0x76db5000 	C:\WINDOWS\System32\IMM32.DLL
0x72dc0000 - 0x72e7f000 	C:\Program Files (x86)\Arduino\java\bin\msvcr100.dll
0x727c0000 - 0x72b93000 	C:\Program Files (x86)\Arduino\java\bin\client\jvm.dll
0x76870000 - 0x76876000 	C:\WINDOWS\System32\PSAPI.DLL
0x72db0000 - 0x72db8000 	C:\WINDOWS\SYSTEM32\WSOCK32.dll
0x74610000 - 0x74641000 	C:\WINDOWS\SYSTEM32\WINMM.dll
0x744f0000 - 0x744f8000 	C:\WINDOWS\SYSTEM32\VERSION.dll
0x76bd0000 - 0x76c34000 	C:\WINDOWS\System32\WS2_32.dll
0x72d80000 - 0x72db0000 	C:\Program Files (x86)\Arduino\java\bin\splashscreen.dll
0x74580000 - 0x74602000 	C:\WINDOWS\system32\uxtheme.dll
0x75df0000 - 0x7607c000 	C:\WINDOWS\System32\combase.dll
0x72d70000 - 0x72d7c000 	C:\Program Files (x86)\Arduino\java\bin\verify.dll
0x72d40000 - 0x72d62000 	C:\Program Files (x86)\Arduino\java\bin\java.dll
0x768a0000 - 0x7697a000 	C:\WINDOWS\System32\MSCTF.dll
0x72d20000 - 0x72d34000 	C:\Program Files (x86)\Arduino\java\bin\zip.dll
0x74220000 - 0x74232000 	C:\WINDOWS\SYSTEM32\kernel.appcore.dll
0x74f60000 - 0x74fc4000 	C:\WINDOWS\System32\bcryptPrimitives.dll
0x62410000 - 0x624f1000 	C:\WINDOWS\SYSTEM32\textinputframework.dll
0x77050000 - 0x770ec000 	C:\WINDOWS\System32\OLEAUT32.dll
0x61da0000 - 0x61e6b000 	C:\WINDOWS\SYSTEM32\CoreMessaging.dll
0x61b00000 - 0x61d93000 	C:\WINDOWS\SYSTEM32\CoreUIComponents.dll
0x743d0000 - 0x744ba000 	C:\WINDOWS\SYSTEM32\wintypes.dll
0x73e60000 - 0x73e6b000 	C:\WINDOWS\SYSTEM32\CRYPTBASE.DLL
0x74500000 - 0x74555000 	C:\WINDOWS\system32\Oleacc.dll
0x75110000 - 0x7571c000 	C:\WINDOWS\System32\SHELL32.dll
0x746a0000 - 0x74d42000 	C:\WINDOWS\SYSTEM32\windows.storage.dll
0x76430000 - 0x764f1000 	C:\WINDOWS\System32\SHCORE.dll
0x76c70000 - 0x76cba000 	C:\WINDOWS\System32\shlwapi.dll
0x74000000 - 0x74018000 	C:\WINDOWS\SYSTEM32\profapi.dll
0x61940000 - 0x619b3000 	C:\Program Files (x86)\Arduino\lib\listSerialsj.dll
0x75720000 - 0x75b5b000 	C:\WINDOWS\System32\SETUPAPI.dll
0x74ef0000 - 0x74f2b000 	C:\WINDOWS\SYSTEM32\cfgmgr32.DLL
0x72d00000 - 0x72d1d000 	C:\Program Files (x86)\Arduino\lib\jnidispatch-4.2.2-win32-x86.dll
0x76080000 - 0x761cd000 	C:\WINDOWS\System32\Ole32.dll
0x72ce0000 - 0x72cf5000 	C:\Program Files (x86)\Arduino\java\bin\net.dll
0x74120000 - 0x74170000 	C:\WINDOWS\system32\mswsock.dll
0x72cd0000 - 0x72cdf000 	C:\Program Files (x86)\Arduino\java\bin\nio.dll
0x273c0000 - 0x27507000 	C:\Program Files (x86)\Arduino\java\bin\awt.dll
0x72720000 - 0x727c0000 	C:\WINDOWS\SYSTEM32\apphelp.dll
0x69b60000 - 0x69b87000 	C:\WINDOWS\system32\DWMAPI.DLL
0x72c90000 - 0x72cc9000 	C:\Program Files (x86)\Arduino\java\bin\fontmanager.dll
0x28ae0000 - 0x28bc0000 	C:\WINDOWS\system32\opengl32.dll
0x72660000 - 0x726a1000 	C:\WINDOWS\SYSTEM32\GLU32.dll
0x699b0000 - 0x699de000 	C:\WINDOWS\SYSTEM32\dxcore.dll
0x72620000 - 0x72652000 	C:\Program Files (x86)\Arduino\java\bin\t2k.dll
0x74f30000 - 0x74f54000 	C:\WINDOWS\SYSTEM32\IPHLPAPI.DLL
0x75100000 - 0x75107000 	C:\WINDOWS\System32\NSI.dll
0x74100000 - 0x74115000 	C:\WINDOWS\SYSTEM32\dhcpcsvc6.DLL
0x740e0000 - 0x740f7000 	C:\WINDOWS\SYSTEM32\dhcpcsvc.DLL
0x74030000 - 0x740df000 	C:\WINDOWS\SYSTEM32\DNSAPI.dll
0x739d0000 - 0x739e2000 	C:\WINDOWS\system32\napinsp.dll
0x739b0000 - 0x739c6000 	C:\WINDOWS\system32\pnrpnsp.dll
0x739a0000 - 0x739ae000 	C:\WINDOWS\System32\winrnr.dll
0x73980000 - 0x73991000 	C:\WINDOWS\system32\wshbth.dll
0x73960000 - 0x73979000 	C:\WINDOWS\system32\nlansp_c.dll
0x73ed0000 - 0x73f2b000 	C:\WINDOWS\System32\fwpuclnt.dll
0x73ec0000 - 0x73ec8000 	C:\Windows\System32\rasadhlp.dll
0x72540000 - 0x725a9000 	C:\Program Files (x86)\Arduino\msvcp100.dll
0x61810000 - 0x618ce000 	C:\Program Files (x86)\Arduino\msvcr100.dll
0x29fa0000 - 0x29fd2000 	C:\Program Files (x86)\Arduino\lib\AStylej.dll
0x72510000 - 0x72534000 	C:\Program Files (x86)\Arduino\java\bin\dcpr.dll
0x76dc0000 - 0x76e42000 	C:\WINDOWS\System32\clbcatq.dll
0x722a0000 - 0x72400000 	C:\WINDOWS\SYSTEM32\WindowsCodecs.dll
0x64cb0000 - 0x64cfe000 	C:\WINDOWS\system32\dataexchange.dll
0x64ab0000 - 0x64ca7000 	C:\WINDOWS\system32\twinapi.appcore.dll
0x617f0000 - 0x61810000 	C:\Program Files (x86)\Arduino\java\bin\sunec.dll
0x73ea0000 - 0x73eb3000 	C:\WINDOWS\SYSTEM32\CRYPTSP.dll
0x73e70000 - 0x73e9f000 	C:\WINDOWS\system32\rsaenh.dll
0x744c0000 - 0x744df000 	C:\WINDOWS\SYSTEM32\USERENV.dll
0x73e40000 - 0x73e59000 	C:\WINDOWS\SYSTEM32\bcrypt.dll
0x72710000 - 0x72719000 	C:\Program Files (x86)\Arduino\java\bin\sunmscapi.dll
0x75b80000 - 0x75c7e000 	C:\WINDOWS\System32\CRYPT32.dll
0x61790000 - 0x617e7000 	C:\WINDOWS\system32\Ninput.dll
0x74170000 - 0x74194000 	C:\WINDOWS\SYSTEM32\DEVOBJ.dll
0x77000000 - 0x7704f000 	C:\WINDOWS\System32\WINTRUST.dll
0x743c0000 - 0x743ce000 	C:\WINDOWS\SYSTEM32\MSASN1.dll
0x64000000 - 0x6401b000 	C:\Program Files (x86)\Arduino\lib\jSSC-2.8_x86.dll
0x6efd0000 - 0x6f197000 	C:\WINDOWS\SYSTEM32\dbghelp.dll

VM Arguments:
jvm_args: -Dsun.java2d.d3d=false -Djna.nosys=true -Djna.nounpack=true -Djna.boot.library.name=jnidispatch-4.2.2-win32-x86 -Djna.boot.library.path=C:\Program Files (x86)\Arduino/lib -Djssc.library.path=C:\Program Files (x86)\Arduino/lib -DAPP_DIR=C:\Program Files (x86)\Arduino -Xms128M -Xmx512M -Dfile.encoding=UTF8 -Djava.net.preferIPv4Stack=true 
java_command: processing.app.Base C:\Users\hp\Documents\Arduino\nodemcu_TA\nodemcu_TA.ino
java_class_path (initial): C:\Program Files (x86)\Arduino\lib\apple.jar;C:\Program Files (x86)\Arduino\lib\arduino-core.jar;C:\Program Files (x86)\Arduino\lib\batik-1.8.jar;C:\Program Files (x86)\Arduino\lib\batik-anim-1.8.jar;C:\Program Files (x86)\Arduino\lib\batik-awt-util-1.8.jar;C:\Program Files (x86)\Arduino\lib\batik-bridge-1.8.jar;C:\Program Files (x86)\Arduino\lib\batik-codec-1.8.jar;C:\Program Files (x86)\Arduino\lib\batik-css-1.8.jar;C:\Program Files (x86)\Arduino\lib\batik-dom-1.8.jar;C:\Program Files (x86)\Arduino\lib\batik-ext-1.8.jar;C:\Program Files (x86)\Arduino\lib\batik-gvt-1.8.jar;C:\Program Files (x86)\Arduino\lib\batik-parser-1.8.jar;C:\Program Files (x86)\Arduino\lib\batik-rasterizer-1.8.jar;C:\Program Files (x86)\Arduino\lib\batik-script-1.8.jar;C:\Program Files (x86)\Arduino\lib\batik-squiggle-1.8.jar;C:\Program Files (x86)\Arduino\lib\batik-svg-dom-1.8.jar;C:\Program Files (x86)\Arduino\lib\batik-svgpp-1.8.jar;C:\Program Files (x86)\Arduino\lib\batik-transcoder-1.8.jar;C:\Program Files (x86)\Arduino\lib\batik-util-1.8.jar;C:\Program Files (x86)\Arduino\lib\batik-xml-1.8.jar;C:\Program Files (x86)\Arduino\lib\bcpg-jdk15on-152.jar;C:\Program Files (x86)\Arduino\lib\bcprov-jdk15on-152.jar;C:\Program Files (x86)\Arduino\lib\commons-codec-1.7.jar;C:\Program Files (x86)\Arduino\lib\commons-compress-1.8.jar;C:\Program Files (x86)\Arduino\lib\commons-exec-1.1.jar;C:\Program Files (x86)\Arduino\lib\commons-httpclient-3.1.jar;C:\Program Files (x86)\Arduino\lib\commons-lang3-3.8.1.jar;C:\Program Files (x86)\Arduino\lib\commons-logging-1.0.4.jar;C:\Program Files (x86)\Arduino\lib\commons-net-3.3.jar;C:\Program Files (x86)\Arduino\lib\commons-io-2.6.jar;C:\Program Files (x86)\Arduino\lib\jackson-annotations-2.9.5.jar;C:\Program Files (x86)\Arduino\lib\jackson-core-2.9.5.jar;C:\Program Files (x86)\Arduino\lib\jackson-databind-2.9.5.jar;C:\Program Files (x86)\Arduino\lib\java-semver-0.8.0.jar;C:\Program Files (x86)\Arduino\lib\jmdns-3.5.5.jar;C:\Program
Launcher Type: SUN_STANDARD

Environment Variables:
JAVA_HOME=C:\Program Files\Semeru\jdk-17.0.1.12-openj9\
PATH=C:\Program Files\AdoptOpenJDK\jdk-8.0.242.08-hotspot\bin;C:\Program Files (x86)\Embarcadero\Studio\21.0\bin;C:\Users\Public\Documents\Embarcadero\Studio\21.0\Bpl;C:\Program Files (x86)\Embarcadero\Studio\21.0\bin64;C:\Users\Public\Documents\Embarcadero\Studio\21.0\Bpl\Win64;C:\Program Files\Semeru\jdk-17.0.1.12-openj9\bin;C:\Program Files\Eclipse Adoptium\jdk-11.0.13.8-hotspot\bin;C:\Program Files (x86)\Common Files\Intel\Shared Files\cpp\bin\Intel64;C:\WINDOWS\system32;C:\WINDOWS;C:\WINDOWS\System32\Wbem;C:\WINDOWS\System32\WindowsPowerShell\v1.0\;C:\WINDOWS\System32\OpenSSH\;C:\Users\hp\AppData\Local\Programs\Python\Python38;C:\Program Files\Git\cmd;C:\msys64\mingw64\bin\leren;C:\Program Files\Graphviz\bin;C:\Program Files\nodejs;C:\ProgramData\chocolatey\bin;C:\Program Files\Go\bin;;C:\Program Files\Docker\Docker\resources\bin;C:\ProgramData\DockerDesktop\version-bin;C:\Program Files (x86)\STMicroelectronics\STM32 ST-LINK Utility\ST-LINK Utility;C:\Users\hp\AppData\Local\Programs\Python\Python38\Scripts\;C:\Users\hp\AppData\Local\Programs\Python\Python38\;C:\Users\hp\AppData\Local\Microsoft\WindowsApps;C:\Users\hp\AppData\Local\GitHubDesktop\bin;C:\Users\hp\AppData\Local\Programs\Microsoft VS Code\bin;C:\Users\hp\AppData\Roaming\npm;C:\Program Files\heroku\bin;C:\Users\hp\go\bin;C:\Program Files (x86)\Arduino\java\bin
USERNAME=hp
OS=Windows_NT
PROCESSOR_IDENTIFIER=Intel64 Family 6 Model 142 Stepping 10, GenuineIntel



---------------  S Y S T E M  ---------------

OS: Windows 10.0 , 64 bit Build 22000 (10.0.22000.708)

CPU:total 8 (initial active 8) (4 cores per cpu, 2 threads per core) family 6 model 142 stepping 10, cmov, cx8, fxsr, mmx, sse, sse2, sse3, ssse3, sse4.1, sse4.2, popcnt, avx, avx2, aes, clmul, erms, rtm, 3dnowpref, lzcnt, ht, tsc, tscinvbit, bmi1, bmi2, adx

Memory: 4k page, physical 8219068k(1950640k free), swap 17404132k(2199920k free)

vm_info: Java HotSpot(TM) Client VM (25.191-b12) for windows-x86 JRE (1.8.0_191-b12), built on Oct  6 2018 08:34:23 by "java_re" with MS VC++ 10.0 (VS2010)

time: Fri Jun 17 14:10:46 2022
elapsed time: 4726 seconds (0d 1h 18m 46s)

